[NotebookApp | WARNING] No nbgrader_config.py file found (rerun with --debug to see where nbgrader is looking)
[NotebookApp | INFO] Loading the validate_assignment nbgrader serverextension
[NotebookApp | INFO] Serving notebooks from local directory: /Users/sartajsingh/projects/euroscipy-sympy-tutorial/notebooks
[NotebookApp | INFO] 0 active kernels 
[NotebookApp | INFO] The Jupyter Notebook is running at: http://localhost:8890/
[NotebookApp | INFO] Use Control-C to stop this server and shut down all kernels (twice to skip confirmation).
[NotebookApp | INFO] 302 GET / (::1) 3.44ms
[NotebookApp | WARNING] No nbgrader_config.py file found. Rerun with DEBUG log level to see where nbgrader is looking.
[NotebookApp | CRITICAL] Unwritable directory, please contact your instructor: /srv/nbgrader/exchange
[NotebookApp | ERROR] Traceback (most recent call last):
      File "/Users/sartajsingh/anaconda3/lib/python3.6/site-packages/nbgrader/server_extensions/assignment_list/handlers.py", line 63, in list_released_assignments
        assignments = lister.start()
      File "/Users/sartajsingh/anaconda3/lib/python3.6/site-packages/nbgrader/exchange/list.py", line 129, in start
        super(ExchangeList, self).start()
      File "/Users/sartajsingh/anaconda3/lib/python3.6/site-packages/nbgrader/exchange/exchange.py", line 122, in start
        self.ensure_root()
      File "/Users/sartajsingh/anaconda3/lib/python3.6/site-packages/nbgrader/exchange/exchange.py", line 100, in ensure_root
        self.fail("Unwritable directory, please contact your instructor: {}".format(self.root))
      File "/Users/sartajsingh/anaconda3/lib/python3.6/site-packages/nbgrader/exchange/exchange.py", line 78, in fail
        raise ExchangeError(msg)
    nbgrader.exchange.exchange.ExchangeError: Unwritable directory, please contact your instructor: /srv/nbgrader/exchange
    
[NotebookApp | WARNING] Notebook 01-Symbols-Derivatives-Functions.ipynb is not trusted
[NotebookApp | INFO] Kernel started: e751f53c-ab56-4dcd-8b6e-06d089182849
[NotebookApp | INFO] Adapting to protocol v5.1 for kernel e751f53c-ab56-4dcd-8b6e-06d089182849
[NotebookApp | INFO] Saving file at /01-Symbols-Derivatives-Functions.ipynb
[NotebookApp | INFO] Saving file at /01-Symbols-Derivatives-Functions.ipynb
[NotebookApp | INFO] Saving file at /01-Symbols-Derivatives-Functions.ipynb
[NotebookApp | INFO] Kernel restarted: e751f53c-ab56-4dcd-8b6e-06d089182849
[NotebookApp | INFO] Adapting to protocol v5.1 for kernel e751f53c-ab56-4dcd-8b6e-06d089182849
[NotebookApp | INFO] Kernel restarted: e751f53c-ab56-4dcd-8b6e-06d089182849
[NotebookApp | INFO] Adapting to protocol v5.1 for kernel e751f53c-ab56-4dcd-8b6e-06d089182849
[NotebookApp | INFO] Saving file at /01-Symbols-Derivatives-Functions.ipynb
[NotebookApp | INFO] Saving file at /01-Symbols-Derivatives-Functions.ipynb
[NotebookApp | INFO] Kernel shutdown: e751f53c-ab56-4dcd-8b6e-06d089182849
